Biblioteca	app.drey.Biblioteca	298.1MB
Warp	app.drey.Warp	6.9MB
Clipboard	app.getclipboard.Clipboard	2.0MB
Moosync	app.moosync.moosync	404.7MB
SSH-MITM	at.ssh_mitm.server	31.7MB
Threema	ch.threema.threema-web-desktop	299.8MB
Events	codes.loers.Karlender	8.9MB
Nyrna	codes.merritt.Nyrna	26.6MB
Saber: Handwritten Notes	com.adilhanney.saber	49.7MB
Decoder	com.belmoussaoui.Decoder	18.2MB
Snowglobe	com.belmoussaoui.snowglobe	305.2MB
oneko	com.daidouji.oneko	176.1kB
fwbackups	com.diffingo.fwbackups	13.8MB
Discord	com.discordapp.Discord	238.0MB
GitFiend	com.gitfiend.GitFiend	3.9MB
Spotube	com.github.KRTirtho.Spotube	70.0MB
Sioyek	com.github.ahrm.sioyek	271.9MB
Desktop Files Creator	com.github.alexkdeveloper.desktop-files-creator	106.0kB
Forgetpass	com.github.alexkdeveloper.forgetpass	67.1kB
Soma Radio	com.github.alexkdeveloper.somafm	162.3kB
WebArchives	com.github.birros.WebArchives	6.3MB
Dippi	com.github.cassidyjames.dippi	218.1kB
TLPUI	com.github.d4nj1.tlpui	1.3MB
Notepad Next	com.github.dail8859.NotepadNext	6.0MB
NormCap	com.github.dynobo.normcap	335.0MB
Eyedropper	com.github.finefindus.eyedropper	5.8MB
Rnote	com.github.flxzt.rnote	40.7MB
Curtail	com.github.huluti.Curtail	2.5MB
unlockR	com.github.jkotra.unlockr	3.4MB
Touché	com.github.joseexposito.touche	1.9MB
ThiefMD	com.github.kmwallio.thiefmd	183.8MB
Pods	com.github.marhkb.Pods	13.8MB
SongRec	com.github.marinm.songrec	7.6MB
Czkawka	com.github.qarmin.czkawka	17.2MB
Szyszka	com.github.qarmin.szyszka	4.2MB
sleek	com.github.ransome1.sleek	254.9MB
Pin It!	com.github.ryonakano.pinit	543.2kB
CoreChess	com.github.sakya.corechess	237.0MB
Flatseal	com.github.tchx84.Flatseal	540.7kB
Oomox theme designer	com.github.themix_project.Oomox	440.5MB
Remote Touchpad	com.github.unrud.RemoteTouchpad	6.1MB
Scans to PDF	com.github.unrud.djpdf	106.3MB
OCR Arabic	com.github.unrud.djpdf.OCR.Ara	12.6MB
OCR Chinese - Simplified	com.github.unrud.djpdf.OCR.ChiSim	13.1MB
OCR German	com.github.unrud.djpdf.OCR.Deu	8.6MB
OCR French	com.github.unrud.djpdf.OCR.Fra	4.0MB
OCR Hindi	com.github.unrud.djpdf.OCR.Hin	11.9MB
OCR Japanese	com.github.unrud.djpdf.OCR.Jpn	14.3MB
OCR Portuguese	com.github.unrud.djpdf.OCR.Por	8.2MB
OCR Russian	com.github.unrud.djpdf.OCR.Rus	15.3MB
OCR Spanish; Castilian	com.github.unrud.djpdf.OCR.Spa	13.6MB
ElectronMail	com.github.vladimiry.ElectronMail	570.6MB
SyncThingy	com.github.zocker_160.SyncThingy	24.4MB
Haguichi	com.github.ztefn.haguichi	506.9kB
ClamTk	com.gitlab.davem.ClamTk	78.3MB
Master Key	com.gitlab.guillermop.MasterKey	8.4MB
Helix	com.helix_editor.Helix	145.8MB
Battery Info	com.her01n.BatteryInfo	66.0MB
Celeste	com.hunterwittenborn.Celeste	118.7MB
qView	com.interversehq.qView	1.9MB
Gitnuro	com.jetpackduba.Gitnuro	242.3MB
draw.io	com.jgraph.drawio.desktop	605.0MB
Whatsie	com.ktechpit.whatsie	167.9MB
GtkStressTesting	com.leinardi.gst	20.7MB
Librum	com.librumreader.librum	61.7MB
Logseq	com.logseq.Logseq	418.8MB
Franz	com.meetfranz.Franz	358.0MB
MongoDB Compass	com.mongodb.Compass	356.9MB
Notesnook	com.notesnook.Notesnook	232.9MB
John the Ripper CE	com.openwall.John	144.3MB
Pinegrow	com.pinegrow.Pinegrow	40.4kB
ZapZap	com.rtosta.zapzap	244.9MB
Caprine	com.sindresorhus.Caprine	278.4MB
TreeSheets	com.strlen.TreeSheets	13.5MB
SmartGit	com.syntevo.SmartGit	2.1MB
SmartSynchronize	com.syntevo.SmartSynchronize	97.3kB
TickTick	com.ticktick.TickTick	5.2MB
Bottles	com.usebottles.bottles	485.6MB
Viber	com.viber.Viber	10.9MB
Decibels	com.vixalien.decibels	141.3kB
Borg ER-3	com.voxdsp.Borg	937.0kB
Ymuse	com.yktoo.ymuse	19.4MB
Formiko	cz.zeropage.Formiko	62.1MB
Audio Sharing	de.haeckerfelix.AudioSharing	3.6MB
Turtle	de.philippun1.turtle	22.0MB
Flare	de.schmidhuberj.Flare	22.8MB
Gaia Sky	de.uni_heidelberg.zah.GaiaSky	232.6MB
Deezer	dev.aunetx.deezer	213.4MB
ecode	dev.ensoft.ecode	44.9MB
Collision	dev.geopjr.Collision	2.0MB
Lapce	dev.lapce.lapce	53.7MB
Pulsar	dev.pulsar_edit.Pulsar	670.3MB
Nyxt	engineer.atlas.Nyxt	214.6MB
tabela	eu.cichy1173.tabela	45.8MB
Qccrypt	fr.free.qccrypt.Qccrypt	389.1kB
Ten Forward	fr.sgued.ten_forward	2.3MB
Fluffychat	im.fluffychat.Fluffychat	87.2MB
Cinny	in.cinny.Cinny	336.2MB
AppFlowy	io.appflowy.AppFlowy	110.3MB
DBeaver Community	io.dbeaver.DBeaverCommunity	285.4MB
toolBLEx	io.emeric.toolblex	126.8MB
Enpass	io.enpass.Enpass	65.0kB
FreeTube	io.freetubeapp.FreeTube	236.4MB
Clash for Windows	io.github.Fndroid.clash_for_windows	3.9MB
PDF4QT	io.github.JakubMelka.Pdf4qt	22.1MB
SiteMarker	io.github.aerocyber.sitemarker	99.8kB
Planify	io.github.alainm23.planify	25.3MB
Shortcut	io.github.andreibachim.shortcut	933.9kB
GPU-Viewer	io.github.arunsivaramanneo.GPUViewer	24.0MB
Syntalos	io.github.bothlab.syntalos	635.5MB
IP Lookup	io.github.bytezz.IPLookup	125.4kB
FSearch	io.github.cboxdoerfer.FSearch	490.5kB
CudaText	io.github.cudatext.CudaText-Qt5	21.0MB
Paper Clip	io.github.diegoivan.pdf_metadata_editor	6.1MB
Simple Wireplumber GUI	io.github.dyegoaurelio.simple-wireplumber-gui	66.6kB
OpenArena (Quake3e)	io.github.ec_.Quake3e.OpenArena	420.2MB
PinApp	io.github.fabrialberio.pinapp	44.5MB
Warehouse	io.github.flattool.Warehouse	188.9kB
Flatsweep	io.github.giantpinkrobots.flatsweep	137.7kB
Varia	io.github.giantpinkrobots.varia	6.3MB
Passy	io.github.glitterware.Passy	108.0MB
System Monitoring Center	io.github.hakandundar34coding.system-monitoring-center	13.8MB
Hydrus	io.github.hydrusnetwork.hydrus	768.6MB
Rymdport	io.github.jacalz.rymdport	22.6MB
Linux-Assistant	io.github.jean28518.Linux-Assistant	94.7MB
Hidamari	io.github.jeffshee.Hidamari	101.5MB
Monitorets	io.github.jorchube.monitorets	2.1MB
LightkeeperRM	io.github.kalaksi.Lightkeeper	9.3MB
Colorway	io.github.lainsce.Colorway	322.0kB
Khronos	io.github.lainsce.Khronos	203.8kB
Letslearn	io.github.letslearn_app.letslearn	236.7MB
pwall	io.github.ltiber.Pwall	357.4kB
NightPDF	io.github.lunarequest.NightPDF	736.9MB
ImageFan Reloaded	io.github.mihnea_radulescu.imagefanreloaded	87.8MB
Vaults	io.github.mpobaschnig.Vaults	3.7MB
Inspector	io.github.nokse22.inspector	110.1kB
Mini Text	io.github.nokse22.minitext	40.4kB
Notes	io.github.nuttyartist.notes	10.9MB
Polypass	io.github.polypixeldev.Polypass	28.4MB
AppImage Pool	io.github.prateekmedia.appimagepool	26.3MB
Dayon!	io.github.retgal.Dayon	167.8MB
Mousai	io.github.seadve.Mousai	4.9MB
64Gram Desktop	io.github.tdesktop_x64.TDesktop	211.1MB
SaveDesktop	io.github.vikdevelop.SaveDesktop	703.5kB
Impression	io.gitlab.adhami3310.Impression	10.0MB
crqt-ng	io.gitlab.coolreader_ng.crqt-ng	11.6MB
Package Transporter	io.gitlab.gwendalj.package-transporter	351.7kB
Pomodoro	io.gitlab.idevecore.Pomodoro	6.0MB
Upscaler	io.gitlab.theevilskeleton.Upscaler	64.7MB
KopiaUI	io.kopia.KopiaUI	288.6MB
Mission Center	io.missioncenter.MissionCenter	15.8MB
Qt QDBusViewer	io.qt.qdbusviewer	29.7kB
Vikunja	io.vikunja.Vikunja	257.7MB
Wasabi Wallet	io.wasabiwallet.WasabiWallet	207.4MB
Gear Lever	it.mijorus.gearlever	9.6MB
Pdf Metadata Editor	me.broken_by.PdfMetadataEditor	59.0MB
Master PDF Editor	net.codeindustry.MasterPDFEditor	16.1MB
Joplin	net.cozic.joplin_desktop	635.3MB
Converseen	net.fasterland.converseen	59.5MB
FileBot	net.filebot.FileBot	336.4MB
Outwiker	net.jenyay.Outwiker	315.9MB
Speech Note	net.mkiol.SpeechNote	5.8GB
RPCS3	net.rpcs3.RPCS3	118.9MB
SonoBus	net.sonobus.SonoBus	26.5MB
ImHex	net.werwolv.ImHex	50.6MB
Xmind (2023)	net.xmind.XMind	421.8MB
Session Desktop	network.loki.Session	332.6MB
Black Fennec	org.blackfennec.app	1.4MB
Base	org.blackfennec.app.extensions.base	162.3kB
Core	org.blackfennec.app.extensions.core	374.3kB
Briar	org.briarproject.Briar	310.4MB
Cockpit Client	org.cockpit_project.CockpitClient	12.4MB
Contour Terminal Emulator	org.contourterminal.Contour	7.7MB
Cryptomator	org.cryptomator.Cryptomator	107.3MB
CoreAction	org.cubocore.CoreAction	1.5MB
CoreHunt	org.cubocore.CoreHunt	775.2kB
CoreImage	org.cubocore.CoreImage	780.8kB
CoreInfo	org.cubocore.CoreInfo	11.2MB
CorePDF	org.cubocore.CorePDF	7.6MB
CoreStats	org.cubocore.CoreStats	1.6MB
ARX	org.deidentifier.arx	239.8MB
Deluge	org.deluge_torrent.deluge	93.7MB
Dungeon Crawl Stone Soup	org.develz.Crawl	42.3MB
DuckStation	org.duckstation.DuckStation	113.9MB
ArdorQuery	org.emptyflow.ArdorQuery	880.1kB
Feather	org.featherwallet.Feather	185.5MB
YOGA Image Optimizer	org.flozz.yoga-image-optimizer	26.3MB
Freedesktop Platform	org.freedesktop.Platform	569.0MB
Freedesktop Platform	org.freedesktop.Platform	591.5MB
Mesa	org.freedesktop.Platform.GL.default	424.1MB
Mesa (Extra)	org.freedesktop.Platform.GL.default	424.1MB
Mesa	org.freedesktop.Platform.GL.default	486.1MB
Mesa (Extra)	org.freedesktop.Platform.GL.default	486.1MB
Mesa	org.freedesktop.Platform.GL32.default	446.7MB
Intel	org.freedesktop.Platform.VAAPI.Intel	46.5MB
Intel	org.freedesktop.Platform.VAAPI.Intel	46.5MB
ffmpeg-full	org.freedesktop.Platform.ffmpeg-full	9.7MB
ffmpeg-full	org.freedesktop.Platform.ffmpeg-full	20.5MB
i386	org.freedesktop.Platform.ffmpeg_full.i386	10.0MB
openh264	org.freedesktop.Platform.openh264	778.2kB
openh264	org.freedesktop.Platform.openh264	790.0kB
Freedesktop SDK	org.freedesktop.Sdk	1.5GB
Freedesktop SDK	org.freedesktop.Sdk	1.6GB
FreeFileSync	org.freefilesync.FreeFileSync	12.8MB
Freeplane	org.freeplane.App	246.7MB
Gephi	org.gephi.Gephi	263.4MB
Outline Manager	org.getoutline.OutlineManager	300.2MB
Ghidra	org.ghidra_sre.Ghidra	1.5GB
Geary	org.gnome.Geary	25.5MB
Image Viewer	org.gnome.Loupe	27.3MB
HEIC	org.gnome.Loupe.HEIC	963.1kB
GNOME Application Platform version 43	org.gnome.Platform	863.8MB
GNOME Application Platform version 44	org.gnome.Platform	863.4MB
GNOME Application Platform version 45	org.gnome.Platform	1.0GB
i386	org.gnome.Platform.Compat.i386	499.0MB
GNOME Software Development Kit version 44	org.gnome.Sdk	1.9GB
Symbolic Preview	org.gnome.design.SymbolicPreview	9.3MB
Identity	org.gnome.gitlab.YaLTeR.Identity	8.0MB
Bookup	org.gnome.gitlab.ilhooq.Bookup	360.4kB
Breeze GTK theme	org.gtk.Gtk3theme.Breeze	645.6kB
adw-gtk3-dark Gtk Theme	org.gtk.Gtk3theme.adw-gtk3-dark	1.1MB
GtkHash	org.gtkhash.gtkhash	266.2kB
ioquake3	org.ioquake3.ioquake3	5.9MB
Ikona	org.kde.Ikona	10.3MB
Adwaita theme	org.kde.KStyle.Adwaita	3.5MB
Kvantum theme engine	org.kde.KStyle.Kvantum	28.9MB
Kvantum theme engine	org.kde.KStyle.Kvantum	25.6MB
Kvantum theme engine	org.kde.KStyle.Kvantum	25.3MB
KDE Application Platform	org.kde.Platform	858.1MB
KDE Application Platform	org.kde.Platform	881.8MB
KDE Application Platform	org.kde.Platform	716.0MB
KDE Application Platform	org.kde.Platform	720.1MB
KDE Application Platform	org.kde.Platform	745.2MB
QGnomePlatform	org.kde.PlatformTheme.QGnomePlatform	25.0MB
QtSNI	org.kde.PlatformTheme.QtSNI	3.3MB
KDE Software Development Kit	org.kde.Sdk	2.0GB
KDE Software Development Kit	org.kde.Sdk	1.9GB
KDE Software Development Kit	org.kde.Sdk	2.2GB
AudioTube	org.kde.audiotube	53.4MB
Falkon	org.kde.falkon	176.1MB
Index	org.kde.index	18.5MB
KDE Itinerary	org.kde.itinerary	19.3MB
Weather	org.kde.kweather	2.4MB
PlasmaTube	org.kde.plasmatube	53.3MB
Organizer	org.librehunt.Organizer	1.1MB
Axolotl	org.nanuc.Axolotl	307.2MB
Tagger	org.nickvision.tagger	88.6MB
Parabolic	org.nickvision.tubeconverter	152.7MB
OpenAndroidInstaller	org.openandroidinstaller.OpenAndroidInstaller	65.7MB
ParaView	org.paraview.ParaView	1.1GB
Signal Desktop	org.signal.Signal	418.8MB
SoapUI Open Source	org.soapui.SoapUI	327.3MB
Squey	org.squey.Squey	518.7MB
Pippy	org.sugarlabs.Pippy	41.9MB
Telegram Desktop	org.telegram.desktop	210.5MB
Telegram Desktop Webview Add-on	org.telegram.desktop.webview	104.9MB
TurboWarp	org.turbowarp.TurboWarp	311.8MB
UPnP Router Control	org.upnproutercontrol.UPnPRouterControl	625.7kB
Upscayl	org.upscayl.Upscayl	545.9MB
DXVK	org.winehq.Wine.DLLs.dxvk	22.7MB
Gecko	org.winehq.Wine.gecko	110.3MB
Mono	org.winehq.Wine.mono	245.1MB
Wireshark	org.wireshark.Wireshark	183.9MB
Warpinator	org.x.Warpinator	198.5MB
Yamagi Quake II	org.yamagi.YamagiQ2	10.2MB
ZAP	org.zaproxy.ZAP	414.8MB
Zotero	org.zotero.Zotero	139.8MB
Imaginer	page.codeberg.Imaginer.Imaginer	8.5MB
Geobug	page.codeberg.tpikonen.geobug	525.3kB
Cutter	re.rizin.cutter	190.5MB
Commit	re.sonny.Commit	492.0kB
Graphs	se.sjoerd.Graphs	229.2MB
gtkcord4	so.libdb.gtkcord4	66.5MB
OneKey	so.onekey.Wallet	500.0MB
coppwr	xyz.dimtpap.coppwr	19.2MB
Door Knocker	xyz.tytanium.DoorKnocker	140.3kB
XClicker	xyz.xclicker.xclicker	93.2kB